<?xml version="1.0" encoding="UTF-8"?>
<!-- Generated by org.testng.reporters.JUnitReportReporter -->
<testsuite skipped="0" hostname="SYS" name="testscript.TestNGExamp" tests="2" failures="0" timestamp="01 Oct 2018 17:42:32 GMT" time="0.165" errors="0">
  <testcase name="tests" time="0.147" classname="testscript.TestNGExamp"/>
  <testcase name="test3" time="0.018" classname="testscript.TestNGExamp"/>
</testsuite> <!-- testscript.TestNGExamp -->
